<?xml version="1.0" encoding="UTF-8"?>
<!-- Generated by org.testng.reporters.JUnitReportReporter -->
<testsuite hostname="NOI-PG02ZDTF" failures="0" tests="1" name="SampleProject.ONE.AddITem" time="14.238" errors="0" timestamp="2024-11-19T13:52:21 IST" skipped="0">
  <testcase classname="SampleProject.ONE.AddITem" name="addTest" time="14.238"/>
  <system-out>
    <![CDATA[TestCase is Passed]]>
  </system-out>
</testsuite> <!-- SampleProject.ONE.AddITem -->
